<?xml version="1.0" encoding="UTF-8"?>
<!-- Generated by org.testng.reporters.JUnitReportReporter -->
<testsuite hostname="DESKTOP-UDFA006" name="RestAssureTest.TestNG" tests="2" failures="0" timestamp="14 Mar 2022 11:39:38 GMT" time="0.014" errors="0">
  <testcase name="TestCase2" time="0.002" classname="RestAssureTest.TestNG"/>
  <testcase name="TestCase1" time="0.012" classname="RestAssureTest.TestNG"/>
</testsuite> <!-- RestAssureTest.TestNG -->
