<?xml version="1.0" encoding="UTF-8"?>
<!-- Generated by org.testng.reporters.JUnitReportReporter -->
<testsuite hostname="DESKTOP-UDFA006" name="RestAssureTest.Ecommerce" tests="2" failures="0" timestamp="16 Mar 2022 07:29:15 GMT" time="12.026" errors="0">
  <testcase name="logIn" time="3.963" classname="RestAssureTest.Ecommerce"/>
  <testcase name="signup" time="8.063" classname="RestAssureTest.Ecommerce"/>
</testsuite> <!-- RestAssureTest.Ecommerce -->
