<?xml version="1.0" encoding="UTF-8"?>
<!-- Generated by org.testng.reporters.JUnitReportReporter -->
<testsuite hostname="DESKTOP-UDFA006" name="RestAssureTest.Ecommerce" tests="1" failures="0" timestamp="16 Mar 2022 10:39:05 GMT" time="4.094" errors="0">
  <testcase name="logIn" time="4.094" classname="RestAssureTest.Ecommerce"/>
</testsuite> <!-- RestAssureTest.Ecommerce -->
