<?xml version="1.0" encoding="UTF-8"?>
<!-- Generated by org.testng.reporters.JUnitReportReporter -->
<testsuite hostname="DESKTOP-UDFA006" name="RestAssureTest.trello" tests="3" failures="0" timestamp="16 Mar 2022 10:39:05 GMT" time="6.792" errors="0">
  <testcase name="GetBoard" time="0.683" classname="RestAssureTest.trello"/>
  <testcase name="DeleteBoard" time="2.735" classname="RestAssureTest.trello"/>
  <testcase name="createBoard" time="3.374" classname="RestAssureTest.trello"/>
</testsuite> <!-- RestAssureTest.trello -->
