<?xml version="1.0" encoding="UTF-8"?>
<!-- Generated by org.testng.reporters.JUnitReportReporter -->
<testsuite hostname="DESKTOP-UDFA006" name="RestAssureTest.Ecommerce" tests="1" failures="0" timestamp="16 Mar 2022 09:52:50 GMT" time="6.020" errors="0">
  <testcase name="logIn" time="6.020" classname="RestAssureTest.Ecommerce"/>
</testsuite> <!-- RestAssureTest.Ecommerce -->
