<?xml version="1.0" encoding="UTF-8"?>
<!-- Generated by org.testng.reporters.JUnitReportReporter -->
<testsuite hostname="DESKTOP-UDFA006" name="RestAssureTest.trello" tests="3" failures="0" timestamp="15 Mar 2022 07:24:30 GMT" time="4.552" errors="0">
  <testcase name="GetBoard" time="0.599" classname="RestAssureTest.trello"/>
  <testcase name="DeleteBoard" time="0.822" classname="RestAssureTest.trello"/>
  <testcase name="createBoard" time="3.131" classname="RestAssureTest.trello"/>
</testsuite> <!-- RestAssureTest.trello -->
